<?xml version="1.0" encoding="UTF-8"?>
<!-- Generated by org.testng.reporters.JUnitReportReporter -->
<testsuite skipped="0" hostname="Trantor-LPUS02" name="ztp.qa.testcases.ZtpWatcherPageTests" tests="20" failures="0" timestamp="2024-02-26T18:09:00 PST" time="515.236" errors="2">
  <testcase name="ValidateStartToStopService" time="9.414" classname="ztp.qa.testcases.ZtpWatcherPageTests"/>
  <system-out/>
  <testcase name="ValidateRestartService" time="5.518" classname="ztp.qa.testcases.ZtpWatcherPageTests"/>
  <system-out/>
  <testcase name="ValidateStopToStartService" time="5.423" classname="ztp.qa.testcases.ZtpWatcherPageTests"/>
  <system-out/>
  <testcase name="ValidateSortByDisplayName" time="49.751" classname="ztp.qa.testcases.ZtpWatcherPageTests"/>
  <system-out/>
  <testcase name="ValidateTotalNoOfServices" time="24.871" classname="ztp.qa.testcases.ZtpWatcherPageTests"/>
  <system-out/>
  <testcase name="ValidateNextPage" time="14.432" classname="ztp.qa.testcases.ZtpWatcherPageTests"/>
  <system-out/>
  <testcase name="ValidatePreviousPage" time="14.374" classname="ztp.qa.testcases.ZtpWatcherPageTests"/>
  <system-out/>
  <testcase name="ValidateRefreshServices" time="17.069" classname="ztp.qa.testcases.ZtpWatcherPageTests"/>
  <system-out/>
  <testcase name="ValidateSearchZioskServices" time="21.710" classname="ztp.qa.testcases.ZtpWatcherPageTests"/>
  <system-out/>
  <testcase name="ValidateZOOBServiceStopDisabled" time="6.548" classname="ztp.qa.testcases.ZtpWatcherPageTests">
    <error type="org.openqa.selenium.ElementClickInterceptedException" message="element click intercepted: Element &lt;mat-icon role=&quot;img&quot; matprefix=&quot;&quot; class=&quot;mat-icon notranslate ...-icon material-icons mat-icon-no-color ng-tns-c99-38&quot; aria-hidden=&quot;true&quot; data-mat-icon-type=&quot;font&quot;&gt;search&lt;/mat-icon&gt; is not clickable at point (1291, 179). Other element would receive the click: &lt;div _ngcontent-qor-c91=&quot;&quot; class=&quot;ngx-spinner-overlay ng-tns-c91-9 ng-trigger ng-trigger-fadeIn ng-star-inserted&quot; style=&quot;background-color: rgba(0, 0, 0, 0.8); z-index: 99999; position: fixed; opacity: 1;&quot;&gt;...&lt;/div&gt;
  (Session info: chrome=121.0.6167.185)
Build info: version: &#039;4.7.2&#039;, revision: &#039;4d4020c3b7&#039;
System info: os.name: &#039;Windows 10&#039;, os.arch: &#039;amd64&#039;, os.version: &#039;10.0&#039;, java.version: &#039;1.8.0_202&#039;
Driver info: org.openqa.selenium.chrome.ChromeDriver
Command: [61437dc999aa6c0b18be6b4d6bb9fd23, clickElement {id=AABBA675727FDDE1D96C3D567282E99F_element_1088}]
Capabilities {acceptInsecureCerts: true, browserName: chrome, browserVersion: 121.0.6167.185, chrome: {chromedriverVersion: 121.0.6167.85 (3f98d690ad7e..., userDataDir: C:\Users\PRAGAT~1\AppData\L...}, fedcm:accounts: true, goog:chromeOptions: {debuggerAddress: localhost:60988}, networkConnectionEnabled: false, pageLoadStrategy: normal, platformName: WINDOWS, proxy: Proxy(), se:cdp: ws://localhost:60988/devtoo..., se:cdpVersion: 121.0.6167.185, setWindowRect: true, strictFileInteractability: false, timeouts: {implicit: 0, pageLoad: 300000, script: 30000}, unhandledPromptBehavior: dismiss and notify, webauthn:extension:credBlob: true, webauthn:extension:largeBlob: true, webauthn:extension:minPinLength: true, webauthn:extension:prf: true, webauthn:virtualAuthenticators: true}
Element: [[ChromeDriver: chrome on WINDOWS (61437dc999aa6c0b18be6b4d6bb9fd23)] -&gt; xpath: //mat-icon[normalize-space()=&#039;search&#039;]]
Session ID: 61437dc999aa6c0b18be6b4d6bb9fd23">
      <![CDATA[org.openqa.selenium.ElementClickInterceptedException: element click intercepted: Element <mat-icon role="img" matprefix="" class="mat-icon notranslate ...-icon material-icons mat-icon-no-color ng-tns-c99-38" aria-hidden="true" data-mat-icon-type="font">search</mat-icon> is not clickable at point (1291, 179). Other element would receive the click: <div _ngcontent-qor-c91="" class="ngx-spinner-overlay ng-tns-c91-9 ng-trigger ng-trigger-fadeIn ng-star-inserted" style="background-color: rgba(0, 0, 0, 0.8); z-index: 99999; position: fixed; opacity: 1;">...</div>
  (Session info: chrome=121.0.6167.185)
Build info: version: '4.7.2', revision: '4d4020c3b7'
System info: os.name: 'Windows 10', os.arch: 'amd64', os.version: '10.0', java.version: '1.8.0_202'
Driver info: org.openqa.selenium.chrome.ChromeDriver
Command: [61437dc999aa6c0b18be6b4d6bb9fd23, clickElement {id=AABBA675727FDDE1D96C3D567282E99F_element_1088}]
Capabilities {acceptInsecureCerts: true, browserName: chrome, browserVersion: 121.0.6167.185, chrome: {chromedriverVersion: 121.0.6167.85 (3f98d690ad7e..., userDataDir: C:\Users\PRAGAT~1\AppData\L...}, fedcm:accounts: true, goog:chromeOptions: {debuggerAddress: localhost:60988}, networkConnectionEnabled: false, pageLoadStrategy: normal, platformName: WINDOWS, proxy: Proxy(), se:cdp: ws://localhost:60988/devtoo..., se:cdpVersion: 121.0.6167.185, setWindowRect: true, strictFileInteractability: false, timeouts: {implicit: 0, pageLoad: 300000, script: 30000}, unhandledPromptBehavior: dismiss and notify, webauthn:extension:credBlob: true, webauthn:extension:largeBlob: true, webauthn:extension:minPinLength: true, webauthn:extension:prf: true, webauthn:virtualAuthenticators: true}
Element: [[ChromeDriver: chrome on WINDOWS (61437dc999aa6c0b18be6b4d6bb9fd23)] -> xpath: //mat-icon[normalize-space()='search']]
Session ID: 61437dc999aa6c0b18be6b4d6bb9fd23
at sun.reflect.NativeConstructorAccessorImpl.newInstance0(Native Method)
at sun.reflect.NativeConstructorAccessorImpl.newInstance(NativeConstructorAccessorImpl.java:62)
at sun.reflect.DelegatingConstructorAccessorImpl.newInstance(DelegatingConstructorAccessorImpl.java:45)
at java.lang.reflect.Constructor.newInstance(Constructor.java:423)
at org.openqa.selenium.remote.codec.w3c.W3CHttpResponseCodec.createException(W3CHttpResponseCodec.java:200)
at org.openqa.selenium.remote.codec.w3c.W3CHttpResponseCodec.decode(W3CHttpResponseCodec.java:133)
at org.openqa.selenium.remote.codec.w3c.W3CHttpResponseCodec.decode(W3CHttpResponseCodec.java:53)
at org.openqa.selenium.remote.HttpCommandExecutor.execute(HttpCommandExecutor.java:184)
at org.openqa.selenium.remote.service.DriverCommandExecutor.invokeExecute(DriverCommandExecutor.java:167)
at org.openqa.selenium.remote.service.DriverCommandExecutor.execute(DriverCommandExecutor.java:142)
at org.openqa.selenium.remote.RemoteWebDriver.execute(RemoteWebDriver.java:535)
at org.openqa.selenium.remote.RemoteWebElement.execute(RemoteWebElement.java:257)
at org.openqa.selenium.remote.RemoteWebElement.click(RemoteWebElement.java:78)
at sun.reflect.GeneratedMethodAccessor8.invoke(Unknown Source)
at sun.reflect.DelegatingMethodAccessorImpl.invoke(DelegatingMethodAccessorImpl.java:43)
at java.lang.reflect.Method.invoke(Method.java:498)
at org.openqa.selenium.support.decorators.WebDriverDecorator.call(WebDriverDecorator.java:247)
at org.openqa.selenium.support.decorators.DefaultDecorated.call(DefaultDecorated.java:48)
at org.openqa.selenium.support.decorators.WebDriverDecorator.lambda$createProxy$0(WebDriverDecorator.java:309)
at net.bytebuddy.renamed.java.lang.Object$ByteBuddy$1u5HKzlW.click(Unknown Source)
at sun.reflect.GeneratedMethodAccessor8.invoke(Unknown Source)
at sun.reflect.DelegatingMethodAccessorImpl.invoke(DelegatingMethodAccessorImpl.java:43)
at java.lang.reflect.Method.invoke(Method.java:498)
at org.openqa.selenium.support.pagefactory.internal.LocatingElementHandler.invoke(LocatingElementHandler.java:52)
at com.sun.proxy.$Proxy52.click(Unknown Source)
at ztp.qa.pages.WatcherPage.ZOOBServiceStopDisabled(WatcherPage.java:188)
at ztp.qa.testcases.ZtpWatcherPageTests.ValidateZOOBServiceStopDisabled(ZtpWatcherPageTests.java:154)
at sun.reflect.NativeMethodAccessorImpl.invoke0(Native Method)
at sun.reflect.NativeMethodAccessorImpl.invoke(NativeMethodAccessorImpl.java:62)
at sun.reflect.DelegatingMethodAccessorImpl.invoke(DelegatingMethodAccessorImpl.java:43)
at java.lang.reflect.Method.invoke(Method.java:498)
at org.testng.internal.MethodInvocationHelper.invokeMethod(MethodInvocationHelper.java:132)
at org.testng.internal.TestInvoker.invokeMethod(TestInvoker.java:599)
at org.testng.internal.TestInvoker.invokeTestMethod(TestInvoker.java:174)
at org.testng.internal.MethodRunner.runInSequence(MethodRunner.java:46)
at org.testng.internal.TestInvoker$MethodInvocationAgent.invoke(TestInvoker.java:822)
at org.testng.internal.TestInvoker.invokeTestMethods(TestInvoker.java:147)
at org.testng.internal.TestMethodWorker.invokeTestMethods(TestMethodWorker.java:146)
at org.testng.internal.TestMethodWorker.run(TestMethodWorker.java:128)
at java.util.ArrayList.forEach(ArrayList.java:1257)
at org.testng.TestRunner.privateRun(TestRunner.java:764)
at org.testng.TestRunner.run(TestRunner.java:585)
at org.testng.SuiteRunner.runTest(SuiteRunner.java:384)
at org.testng.SuiteRunner.runSequentially(SuiteRunner.java:378)
at org.testng.SuiteRunner.privateRun(SuiteRunner.java:337)
at org.testng.SuiteRunner.run(SuiteRunner.java:286)
at org.testng.SuiteRunnerWorker.runSuite(SuiteRunnerWorker.java:53)
at org.testng.SuiteRunnerWorker.run(SuiteRunnerWorker.java:96)
at org.testng.TestNG.runSuitesSequentially(TestNG.java:1218)
at org.testng.TestNG.runSuitesLocally(TestNG.java:1140)
at org.testng.TestNG.runSuites(TestNG.java:1069)
at org.testng.TestNG.run(TestNG.java:1037)
at org.testng.remote.AbstractRemoteTestNG.run(AbstractRemoteTestNG.java:115)
at org.testng.remote.RemoteTestNG.initAndRun(RemoteTestNG.java:251)
at org.testng.remote.RemoteTestNG.main(RemoteTestNG.java:77)
]]>
    </error>
  </testcase> <!-- ValidateZOOBServiceStopDisabled -->
  <system-out/>
  <testcase name="ValidateItemsPerPageFunctionality" time="30.934" classname="ztp.qa.testcases.ZtpWatcherPageTests"/>
  <system-out/>
  <testcase name="ValidateSortByServiceName" time="42.329" classname="ztp.qa.testcases.ZtpWatcherPageTests">
    <error type="org.openqa.selenium.ElementClickInterceptedException" message="element click intercepted: Element &lt;button mat-icon-button=&quot;&quot; type=&quot;button&quot; class=&quot;mat-focus-indicator mat-tooltip-trigger mat-paginator-navigation-next mat-icon-button mat-button-base&quot; ng-reflect-message=&quot;Next page&quot; ng-reflect-disabled=&quot;false&quot; ng-reflect-position=&quot;above&quot; aria-label=&quot;Next page&quot;&gt;...&lt;/button&gt; is not clickable at point (1404, 630). Other element would receive the click: &lt;div _ngcontent-qor-c91=&quot;&quot; class=&quot;ngx-spinner-overlay ng-tns-c91-9 ng-trigger ng-trigger-fadeIn ng-star-inserted&quot; style=&quot;background-color: rgba(0, 0, 0, 0.8); z-index: 99999; position: fixed; opacity: 1;&quot;&gt;...&lt;/div&gt;
  (Session info: chrome=121.0.6167.185)
Build info: version: &#039;4.7.2&#039;, revision: &#039;4d4020c3b7&#039;
System info: os.name: &#039;Windows 10&#039;, os.arch: &#039;amd64&#039;, os.version: &#039;10.0&#039;, java.version: &#039;1.8.0_202&#039;
Driver info: org.openqa.selenium.chrome.ChromeDriver
Command: [61437dc999aa6c0b18be6b4d6bb9fd23, clickElement {id=AABBA675727FDDE1D96C3D567282E99F_element_53}]
Capabilities {acceptInsecureCerts: true, browserName: chrome, browserVersion: 121.0.6167.185, chrome: {chromedriverVersion: 121.0.6167.85 (3f98d690ad7e..., userDataDir: C:\Users\PRAGAT~1\AppData\L...}, fedcm:accounts: true, goog:chromeOptions: {debuggerAddress: localhost:60988}, networkConnectionEnabled: false, pageLoadStrategy: normal, platformName: WINDOWS, proxy: Proxy(), se:cdp: ws://localhost:60988/devtoo..., se:cdpVersion: 121.0.6167.185, setWindowRect: true, strictFileInteractability: false, timeouts: {implicit: 0, pageLoad: 300000, script: 30000}, unhandledPromptBehavior: dismiss and notify, webauthn:extension:credBlob: true, webauthn:extension:largeBlob: true, webauthn:extension:minPinLength: true, webauthn:extension:prf: true, webauthn:virtualAuthenticators: true}
Element: [[ChromeDriver: chrome on WINDOWS (61437dc999aa6c0b18be6b4d6bb9fd23)] -&gt; xpath: //button[@aria-label=&#039;Next page&#039;]]
Session ID: 61437dc999aa6c0b18be6b4d6bb9fd23">
      <![CDATA[org.openqa.selenium.ElementClickInterceptedException: element click intercepted: Element <button mat-icon-button="" type="button" class="mat-focus-indicator mat-tooltip-trigger mat-paginator-navigation-next mat-icon-button mat-button-base" ng-reflect-message="Next page" ng-reflect-disabled="false" ng-reflect-position="above" aria-label="Next page">...</button> is not clickable at point (1404, 630). Other element would receive the click: <div _ngcontent-qor-c91="" class="ngx-spinner-overlay ng-tns-c91-9 ng-trigger ng-trigger-fadeIn ng-star-inserted" style="background-color: rgba(0, 0, 0, 0.8); z-index: 99999; position: fixed; opacity: 1;">...</div>
  (Session info: chrome=121.0.6167.185)
Build info: version: '4.7.2', revision: '4d4020c3b7'
System info: os.name: 'Windows 10', os.arch: 'amd64', os.version: '10.0', java.version: '1.8.0_202'
Driver info: org.openqa.selenium.chrome.ChromeDriver
Command: [61437dc999aa6c0b18be6b4d6bb9fd23, clickElement {id=AABBA675727FDDE1D96C3D567282E99F_element_53}]
Capabilities {acceptInsecureCerts: true, browserName: chrome, browserVersion: 121.0.6167.185, chrome: {chromedriverVersion: 121.0.6167.85 (3f98d690ad7e..., userDataDir: C:\Users\PRAGAT~1\AppData\L...}, fedcm:accounts: true, goog:chromeOptions: {debuggerAddress: localhost:60988}, networkConnectionEnabled: false, pageLoadStrategy: normal, platformName: WINDOWS, proxy: Proxy(), se:cdp: ws://localhost:60988/devtoo..., se:cdpVersion: 121.0.6167.185, setWindowRect: true, strictFileInteractability: false, timeouts: {implicit: 0, pageLoad: 300000, script: 30000}, unhandledPromptBehavior: dismiss and notify, webauthn:extension:credBlob: true, webauthn:extension:largeBlob: true, webauthn:extension:minPinLength: true, webauthn:extension:prf: true, webauthn:virtualAuthenticators: true}
Element: [[ChromeDriver: chrome on WINDOWS (61437dc999aa6c0b18be6b4d6bb9fd23)] -> xpath: //button[@aria-label='Next page']]
Session ID: 61437dc999aa6c0b18be6b4d6bb9fd23
at sun.reflect.NativeConstructorAccessorImpl.newInstance0(Native Method)
at sun.reflect.NativeConstructorAccessorImpl.newInstance(NativeConstructorAccessorImpl.java:62)
at sun.reflect.DelegatingConstructorAccessorImpl.newInstance(DelegatingConstructorAccessorImpl.java:45)
at java.lang.reflect.Constructor.newInstance(Constructor.java:423)
at org.openqa.selenium.remote.codec.w3c.W3CHttpResponseCodec.createException(W3CHttpResponseCodec.java:200)
at org.openqa.selenium.remote.codec.w3c.W3CHttpResponseCodec.decode(W3CHttpResponseCodec.java:133)
at org.openqa.selenium.remote.codec.w3c.W3CHttpResponseCodec.decode(W3CHttpResponseCodec.java:53)
at org.openqa.selenium.remote.HttpCommandExecutor.execute(HttpCommandExecutor.java:184)
at org.openqa.selenium.remote.service.DriverCommandExecutor.invokeExecute(DriverCommandExecutor.java:167)
at org.openqa.selenium.remote.service.DriverCommandExecutor.execute(DriverCommandExecutor.java:142)
at org.openqa.selenium.remote.RemoteWebDriver.execute(RemoteWebDriver.java:535)
at org.openqa.selenium.remote.RemoteWebElement.execute(RemoteWebElement.java:257)
at org.openqa.selenium.remote.RemoteWebElement.click(RemoteWebElement.java:78)
at sun.reflect.GeneratedMethodAccessor8.invoke(Unknown Source)
at sun.reflect.DelegatingMethodAccessorImpl.invoke(DelegatingMethodAccessorImpl.java:43)
at java.lang.reflect.Method.invoke(Method.java:498)
at org.openqa.selenium.support.decorators.WebDriverDecorator.call(WebDriverDecorator.java:247)
at org.openqa.selenium.support.decorators.DefaultDecorated.call(DefaultDecorated.java:48)
at org.openqa.selenium.support.decorators.WebDriverDecorator.lambda$createProxy$0(WebDriverDecorator.java:309)
at net.bytebuddy.renamed.java.lang.Object$ByteBuddy$dN39Uct8.click(Unknown Source)
at sun.reflect.GeneratedMethodAccessor8.invoke(Unknown Source)
at sun.reflect.DelegatingMethodAccessorImpl.invoke(DelegatingMethodAccessorImpl.java:43)
at java.lang.reflect.Method.invoke(Method.java:498)
at org.openqa.selenium.support.pagefactory.internal.LocatingElementHandler.invoke(LocatingElementHandler.java:52)
at com.sun.proxy.$Proxy52.click(Unknown Source)
at ztp.qa.pages.WatcherPage.GetListOfAllCurrentRowsForCol(WatcherPage.java:561)
at ztp.qa.pages.WatcherPage.SortByServiceName(WatcherPage.java:542)
at ztp.qa.testcases.ZtpWatcherPageTests.ValidateSortByServiceName(ZtpWatcherPageTests.java:175)
at sun.reflect.NativeMethodAccessorImpl.invoke0(Native Method)
at sun.reflect.NativeMethodAccessorImpl.invoke(NativeMethodAccessorImpl.java:62)
at sun.reflect.DelegatingMethodAccessorImpl.invoke(DelegatingMethodAccessorImpl.java:43)
at java.lang.reflect.Method.invoke(Method.java:498)
at org.testng.internal.MethodInvocationHelper.invokeMethod(MethodInvocationHelper.java:132)
at org.testng.internal.TestInvoker.invokeMethod(TestInvoker.java:599)
at org.testng.internal.TestInvoker.invokeTestMethod(TestInvoker.java:174)
at org.testng.internal.MethodRunner.runInSequence(MethodRunner.java:46)
at org.testng.internal.TestInvoker$MethodInvocationAgent.invoke(TestInvoker.java:822)
at org.testng.internal.TestInvoker.invokeTestMethods(TestInvoker.java:147)
at org.testng.internal.TestMethodWorker.invokeTestMethods(TestMethodWorker.java:146)
at org.testng.internal.TestMethodWorker.run(TestMethodWorker.java:128)
at java.util.ArrayList.forEach(ArrayList.java:1257)
at org.testng.TestRunner.privateRun(TestRunner.java:764)
at org.testng.TestRunner.run(TestRunner.java:585)
at org.testng.SuiteRunner.runTest(SuiteRunner.java:384)
at org.testng.SuiteRunner.runSequentially(SuiteRunner.java:378)
at org.testng.SuiteRunner.privateRun(SuiteRunner.java:337)
at org.testng.SuiteRunner.run(SuiteRunner.java:286)
at org.testng.SuiteRunnerWorker.runSuite(SuiteRunnerWorker.java:53)
at org.testng.SuiteRunnerWorker.run(SuiteRunnerWorker.java:96)
at org.testng.TestNG.runSuitesSequentially(TestNG.java:1218)
at org.testng.TestNG.runSuitesLocally(TestNG.java:1140)
at org.testng.TestNG.runSuites(TestNG.java:1069)
at org.testng.TestNG.run(TestNG.java:1037)
at org.testng.remote.AbstractRemoteTestNG.run(AbstractRemoteTestNG.java:115)
at org.testng.remote.RemoteTestNG.initAndRun(RemoteTestNG.java:251)
at org.testng.remote.RemoteTestNG.main(RemoteTestNG.java:77)
]]>
    </error>
  </testcase> <!-- ValidateSortByServiceName -->
  <system-out/>
  <testcase name="ValidateSortByStatus" time="53.287" classname="ztp.qa.testcases.ZtpWatcherPageTests"/>
  <system-out/>
  <testcase name="ValidateSortByProcessName" time="41.361" classname="ztp.qa.testcases.ZtpWatcherPageTests"/>
  <system-out/>
  <testcase name="ValidateRefreshProcesses" time="16.884" classname="ztp.qa.testcases.ZtpWatcherPageTests"/>
  <system-out/>
  <testcase name="ValidateSearchZioskProcesses" time="19.708" classname="ztp.qa.testcases.ZtpWatcherPageTests"/>
  <system-out/>
  <testcase name="ValidateSwitchingBetTabs" time="16.966" classname="ztp.qa.testcases.ZtpWatcherPageTests"/>
  <system-out/>
  <testcase name="ValidateFileSize" time="22.639" classname="ztp.qa.testcases.ZtpWatcherPageTests"/>
  <system-out/>
  <testcase name="ValidateExpandAll" time="29.248" classname="ztp.qa.testcases.ZtpWatcherPageTests"/>
  <system-out/>
  <testcase name="ValidateDownloadFile" time="72.770" classname="ztp.qa.testcases.ZtpWatcherPageTests"/>
  <system-out/>
</testsuite> <!-- ztp.qa.testcases.ZtpWatcherPageTests -->
